<?xml version="1.0" encoding="UTF-8"?>
<!-- Generated by org.testng.reporters.JUnitReportReporter -->
<testsuite skipped="0" hostname="Ripas-MacBook-Pro.local" name="pageTest.HomePageTest" tests="1" failures="0" timestamp="14 Jun 2020 16:10:53 GMT" time="6.816" errors="0">
  <testcase name="homePage_Test" time="6.816" classname="pageTest.HomePageTest"/>
</testsuite> <!-- pageTest.HomePageTest -->
